<?xml version="1.0" encoding="UTF-8"?>
<!-- Generated by org.testng.reporters.JUnitReportReporter -->
<testsuite skipped="0" hostname="Natha" name="com.qa.LoginTest" tests="1" failures="0" timestamp="2022-02-24T03:32:50 IST" time="4.397" errors="0">
  <testcase name="logintForAccount" time="4.397" classname="com.qa.LoginTest"/>
  <system-out/>
</testsuite> <!-- com.qa.LoginTest -->
